<beans xmlns="http://www.springframework.org/schema/beans"
       xmlns:xsi="http://www.w3.org/2001/XMLSchema-instance"
       xsi:schemaLocation="http://www.springframework.org/schema/beans
           http://www.springframework.org/schema/beans/spring-beans.xsd">

    <bean name="generationalCounterService" class="de.hybris.platform.regioncache.generation.impl.TypeCodeGenerationalCounterService" lazy-init="true" >
        <property name="debugMode" value="true"/>
    </bean>

    <bean name="generationalCacheDelegate" class="de.hybris.platform.regioncache.key.impl.GenerationalCacheDelegate" lazy-init="true" />

    <alias name="CacheController" alias="defaultCacheController" />
    <bean name="CacheController" class="de.hybris.platform.regioncache.DefaultCacheController" />

    <bean name="defaultScriptsCacheRegion"
          class="de.hybris.platform.scripting.engine.internal.cache.impl.ScriptsCacheRegion">
        <constructor-arg name="name" value="defaultScriptsCacheRegion"/>
        <constructor-arg name="maxEntries" value="1000"/>
        <constructor-arg name="statsEnabled" value="true"/>
        <property name="handledTypes">
            <array>
                <value>__SCRIPT__</value>
            </array>
        </property>
    </bean>

    <bean name="cacheConfiguration" class="de.hybris.platform.regioncache.DefaultCacheConfiguration">
        <constructor-arg name="regions">
            <list>
                <ref bean="defaultScriptsCacheRegion" />
            </list>
        </constructor-arg>

        <constructor-arg name="invalidationFilters">
            <list />
        </constructor-arg>

        <constructor-arg name="resolvers">
            <list>
                <bean class="de.hybris.platform.regioncache.region.SingleCacheRegionResolver" />
            </list>
        </constructor-arg>
    </bean>

    <bean name="cacheRegionProvider" class="de.hybris.platform.regioncache.region.impl.DefaultCacheRegionProvider">
        <constructor-arg name="cacheRegions">
            <list>
                <ref bean="defaultScriptsCacheRegion" />
            </list>
        </constructor-arg>
    </bean>

    <bean name="regionRegistryAllocationStrategy" class="de.hybris.platform.regioncache.RegionRegistryAllocationStrategy" />


</beans>